Defaulting to user installation because normal site-packages is not writeable
WARNING: Ignoring invalid distribution -orch (/opt/software/Python/3.6.4-foss-2018a/lib/python3.6/site-packages)
WARNING: Ignoring invalid distribution -orch (/opt/software/Python/3.6.4-foss-2018a/lib/python3.6/site-packages)
Requirement already satisfied: numpy in /opt/software/Python/3.6.4-foss-2018a/lib/python3.6/site-packages (1.18.5)
WARNING: Ignoring invalid distribution -orch (/opt/software/Python/3.6.4-foss-2018a/lib/python3.6/site-packages)
WARNING: Ignoring invalid distribution -orch (/opt/software/Python/3.6.4-foss-2018a/lib/python3.6/site-packages)
WARNING: Ignoring invalid distribution -orch (/opt/software/Python/3.6.4-foss-2018a/lib/python3.6/site-packages)
WARNING: Ignoring invalid distribution -orch (/opt/software/Python/3.6.4-foss-2018a/lib/python3.6/site-packages)
WARNING: You are using pip version 21.2.4; however, version 21.3.1 is available.
You should consider upgrading via the '/opt/software/Python/3.6.4-foss-2018a/bin/python -m pip install --upgrade pip' command.
Defaulting to user installation because normal site-packages is not writeable
WARNING: Ignoring invalid distribution -orch (/opt/software/Python/3.6.4-foss-2018a/lib/python3.6/site-packages)
WARNING: Ignoring invalid distribution -orch (/opt/software/Python/3.6.4-foss-2018a/lib/python3.6/site-packages)
ERROR: Could not find a version that satisfies the requirement matplotlib.pyplot (from versions: none)
ERROR: No matching distribution found for matplotlib.pyplot
WARNING: Ignoring invalid distribution -orch (/opt/software/Python/3.6.4-foss-2018a/lib/python3.6/site-packages)
WARNING: Ignoring invalid distribution -orch (/opt/software/Python/3.6.4-foss-2018a/lib/python3.6/site-packages)
WARNING: Ignoring invalid distribution -orch (/opt/software/Python/3.6.4-foss-2018a/lib/python3.6/site-packages)
WARNING: You are using pip version 21.2.4; however, version 21.3.1 is available.
You should consider upgrading via the '/opt/software/Python/3.6.4-foss-2018a/bin/python -m pip install --upgrade pip' command.
Defaulting to user installation because normal site-packages is not writeable
WARNING: Ignoring invalid distribution -orch (/opt/software/Python/3.6.4-foss-2018a/lib/python3.6/site-packages)
WARNING: Ignoring invalid distribution -orch (/opt/software/Python/3.6.4-foss-2018a/lib/python3.6/site-packages)
Requirement already satisfied: pandas in /opt/software/Python/3.6.4-foss-2018a/lib/python3.6/site-packages (1.1.5)
Requirement already satisfied: python-dateutil>=2.7.3 in /opt/software/Python/3.6.4-foss-2018a/lib/python3.6/site-packages (from pandas) (2.8.1)
Requirement already satisfied: pytz>=2017.2 in /opt/software/Python/3.6.4-foss-2018a/lib/python3.6/site-packages/pytz-2017.3-py3.6.egg (from pandas) (2017.3)
Requirement already satisfied: numpy>=1.15.4 in /opt/software/Python/3.6.4-foss-2018a/lib/python3.6/site-packages (from pandas) (1.18.5)
Requirement already satisfied: six>=1.5 in /opt/software/Python/3.6.4-foss-2018a/lib/python3.6/site-packages (from python-dateutil>=2.7.3->pandas) (1.16.0)
WARNING: Ignoring invalid distribution -orch (/opt/software/Python/3.6.4-foss-2018a/lib/python3.6/site-packages)
WARNING: Ignoring invalid distribution -orch (/opt/software/Python/3.6.4-foss-2018a/lib/python3.6/site-packages)
WARNING: Ignoring invalid distribution -orch (/opt/software/Python/3.6.4-foss-2018a/lib/python3.6/site-packages)
WARNING: Ignoring invalid distribution -orch (/opt/software/Python/3.6.4-foss-2018a/lib/python3.6/site-packages)
WARNING: You are using pip version 21.2.4; however, version 21.3.1 is available.
You should consider upgrading via the '/opt/software/Python/3.6.4-foss-2018a/bin/python -m pip install --upgrade pip' command.
Defaulting to user installation because normal site-packages is not writeable
WARNING: Ignoring invalid distribution -orch (/opt/software/Python/3.6.4-foss-2018a/lib/python3.6/site-packages)
WARNING: Ignoring invalid distribution -orch (/opt/software/Python/3.6.4-foss-2018a/lib/python3.6/site-packages)
ERROR: Could not find a version that satisfies the requirement sklearn.cluster (from versions: none)
ERROR: No matching distribution found for sklearn.cluster
WARNING: Ignoring invalid distribution -orch (/opt/software/Python/3.6.4-foss-2018a/lib/python3.6/site-packages)
WARNING: Ignoring invalid distribution -orch (/opt/software/Python/3.6.4-foss-2018a/lib/python3.6/site-packages)
WARNING: Ignoring invalid distribution -orch (/opt/software/Python/3.6.4-foss-2018a/lib/python3.6/site-packages)
WARNING: You are using pip version 21.2.4; however, version 21.3.1 is available.
You should consider upgrading via the '/opt/software/Python/3.6.4-foss-2018a/bin/python -m pip install --upgrade pip' command.
Defaulting to user installation because normal site-packages is not writeable
WARNING: Ignoring invalid distribution -orch (/opt/software/Python/3.6.4-foss-2018a/lib/python3.6/site-packages)
WARNING: Ignoring invalid distribution -orch (/opt/software/Python/3.6.4-foss-2018a/lib/python3.6/site-packages)
ERROR: Could not find a version that satisfies the requirement sklearn.preprocessing (from versions: none)
ERROR: No matching distribution found for sklearn.preprocessing
WARNING: Ignoring invalid distribution -orch (/opt/software/Python/3.6.4-foss-2018a/lib/python3.6/site-packages)
WARNING: Ignoring invalid distribution -orch (/opt/software/Python/3.6.4-foss-2018a/lib/python3.6/site-packages)
WARNING: Ignoring invalid distribution -orch (/opt/software/Python/3.6.4-foss-2018a/lib/python3.6/site-packages)
WARNING: You are using pip version 21.2.4; however, version 21.3.1 is available.
You should consider upgrading via the '/opt/software/Python/3.6.4-foss-2018a/bin/python -m pip install --upgrade pip' command.
Defaulting to user installation because normal site-packages is not writeable
WARNING: Ignoring invalid distribution -orch (/opt/software/Python/3.6.4-foss-2018a/lib/python3.6/site-packages)
WARNING: Ignoring invalid distribution -orch (/opt/software/Python/3.6.4-foss-2018a/lib/python3.6/site-packages)
Requirement already satisfied: sklearn in ./.local/lib/python3.6/site-packages (0.0)
Requirement already satisfied: scikit-learn in /opt/software/Python/3.6.4-foss-2018a/lib/python3.6/site-packages (from sklearn) (0.20.0)
Requirement already satisfied: scipy>=0.13.3 in /opt/software/Python/3.6.4-foss-2018a/lib/python3.6/site-packages (from scikit-learn->sklearn) (1.5.4)
Requirement already satisfied: numpy>=1.8.2 in /opt/software/Python/3.6.4-foss-2018a/lib/python3.6/site-packages (from scikit-learn->sklearn) (1.18.5)
WARNING: Ignoring invalid distribution -orch (/opt/software/Python/3.6.4-foss-2018a/lib/python3.6/site-packages)
WARNING: Ignoring invalid distribution -orch (/opt/software/Python/3.6.4-foss-2018a/lib/python3.6/site-packages)
WARNING: Ignoring invalid distribution -orch (/opt/software/Python/3.6.4-foss-2018a/lib/python3.6/site-packages)
WARNING: Ignoring invalid distribution -orch (/opt/software/Python/3.6.4-foss-2018a/lib/python3.6/site-packages)
WARNING: You are using pip version 21.2.4; however, version 21.3.1 is available.
You should consider upgrading via the '/opt/software/Python/3.6.4-foss-2018a/bin/python -m pip install --upgrade pip' command.
Defaulting to user installation because normal site-packages is not writeable
WARNING: Ignoring invalid distribution -orch (/opt/software/Python/3.6.4-foss-2018a/lib/python3.6/site-packages)
WARNING: Ignoring invalid distribution -orch (/opt/software/Python/3.6.4-foss-2018a/lib/python3.6/site-packages)
ERROR: Could not find a version that satisfies the requirement IPython.display (from versions: none)
ERROR: No matching distribution found for IPython.display
WARNING: Ignoring invalid distribution -orch (/opt/software/Python/3.6.4-foss-2018a/lib/python3.6/site-packages)
WARNING: Ignoring invalid distribution -orch (/opt/software/Python/3.6.4-foss-2018a/lib/python3.6/site-packages)
WARNING: Ignoring invalid distribution -orch (/opt/software/Python/3.6.4-foss-2018a/lib/python3.6/site-packages)
WARNING: You are using pip version 21.2.4; however, version 21.3.1 is available.
You should consider upgrading via the '/opt/software/Python/3.6.4-foss-2018a/bin/python -m pip install --upgrade pip' command.
/opt/software/Python/3.6.4-foss-2018a/lib/python3.6/site-packages/sklearn/externals/joblib/externals/cloudpickle/cloudpickle.py:47: DeprecationWarning: the imp module is deprecated in favour of importlib; see the module's documentation for alternative uses
  import imp
sys:1: DtypeWarning: Columns (4) have mixed types.Specify dtype option on import or set low_memory=False.
/opt/software/Python/3.6.4-foss-2018a/lib/python3.6/site-packages/sklearn/neighbors/base.py:585: RuntimeWarning: invalid value encountered in less_equal
  neigh_ind = [np.where(d <= radius)[0] for d in dist]
/opt/software/Python/3.6.4-foss-2018a/lib/python3.6/site-packages/sklearn/neighbors/base.py:585: RuntimeWarning: invalid value encountered in less_equal
  neigh_ind = [np.where(d <= radius)[0] for d in dist]
/opt/software/Python/3.6.4-foss-2018a/lib/python3.6/site-packages/sklearn/neighbors/base.py:585: RuntimeWarning: invalid value encountered in less_equal
  neigh_ind = [np.where(d <= radius)[0] for d in dist]
/opt/software/Python/3.6.4-foss-2018a/lib/python3.6/site-packages/sklearn/neighbors/base.py:585: RuntimeWarning: invalid value encountered in less_equal
  neigh_ind = [np.where(d <= radius)[0] for d in dist]
/opt/software/Python/3.6.4-foss-2018a/lib/python3.6/site-packages/sklearn/neighbors/base.py:585: RuntimeWarning: invalid value encountered in less_equal
  neigh_ind = [np.where(d <= radius)[0] for d in dist]
/opt/software/Python/3.6.4-foss-2018a/lib/python3.6/site-packages/sklearn/neighbors/base.py:585: RuntimeWarning: invalid value encountered in less_equal
  neigh_ind = [np.where(d <= radius)[0] for d in dist]
/opt/software/Python/3.6.4-foss-2018a/lib/python3.6/site-packages/sklearn/neighbors/base.py:585: RuntimeWarning: invalid value encountered in less_equal
  neigh_ind = [np.where(d <= radius)[0] for d in dist]
/opt/software/Python/3.6.4-foss-2018a/lib/python3.6/site-packages/sklearn/neighbors/base.py:585: RuntimeWarning: invalid value encountered in less_equal
  neigh_ind = [np.where(d <= radius)[0] for d in dist]
/opt/software/Python/3.6.4-foss-2018a/lib/python3.6/site-packages/sklearn/neighbors/base.py:585: RuntimeWarning: invalid value encountered in less_equal
  neigh_ind = [np.where(d <= radius)[0] for d in dist]
/opt/software/Python/3.6.4-foss-2018a/lib/python3.6/site-packages/sklearn/neighbors/base.py:585: RuntimeWarning: invalid value encountered in less_equal
  neigh_ind = [np.where(d <= radius)[0] for d in dist]
JobId=108012680 JobName=mapper_1000_genes_90overlap
   UserId=f0103237(6067554) GroupId=psm(2198) MCS_label=N/A
   Priority=61601 Nice=0 Account=general QOS=f0103237
   JobState=RUNNING Reason=None Dependency=(null)
   Requeue=1 Restarts=0 BatchFlag=1 Reboot=0 ExitCode=0:0
   RunTime=00:02:20 TimeLimit=01:00:00 TimeMin=N/A
   SubmitTime=2021-11-26T17:15:54 EligibleTime=2021-11-26T17:15:54
   AccrueTime=2021-11-26T17:15:54
   StartTime=2021-11-26T17:15:57 EndTime=2021-11-26T18:15:57 Deadline=N/A
   SuspendTime=None SecsPreSuspend=0 LastSchedEval=2021-11-26T17:15:57
   Partition=general-short AllocNode:Sid=dev-amd20-v100:50781
   ReqNodeList=(null) ExcNodeList=(null)
   NodeList=csp-019
   BatchHost=csp-019
   FedOrigin=msuhpcc FedViableSiblings=msuhpcc,preemptable FedActiveSiblings=msuhpcc
   NumNodes=1 NumCPUs=1 NumTasks=1 CPUs/Task=1 ReqB:S:C:T=0:0:*:*
   TRES=cpu=1,mem=80G,node=1,billing=12451
   Socks/Node=* NtasksPerN:B:S:C=0:0:*:* CoreSpec=*
   MinCPUsNode=1 MinMemoryCPU=80G MinTmpDiskNode=0
   Features=[intel14|intel16|intel18|amr|nvf|nal|nif] DelayBoot=00:00:00
   OverSubscribe=OK Contiguous=0 Licenses=(null) Network=(null)
   Command=/mnt/ufs18/home-163/f0103237/slurm_mapper_script.sh
   WorkDir=/mnt/ufs18/home-163/f0103237
   Comment=stdout=/mnt/ufs18/home-163/f0103237/slurm-108012680.out 
   StdErr=/mnt/ufs18/home-163/f0103237/slurm-108012680.out
   StdIn=/dev/null
   StdOut=/mnt/ufs18/home-163/f0103237/slurm-108012680.out
   Power=
   NtasksPerTRES:0

