Defaulting to user installation because normal site-packages is not writeable
WARNING: Ignoring invalid distribution -orch (/opt/software/Python/3.6.4-foss-2018a/lib/python3.6/site-packages)
WARNING: Ignoring invalid distribution -orch (/opt/software/Python/3.6.4-foss-2018a/lib/python3.6/site-packages)
Requirement already satisfied: numpy in /opt/software/Python/3.6.4-foss-2018a/lib/python3.6/site-packages (1.18.5)
WARNING: Ignoring invalid distribution -orch (/opt/software/Python/3.6.4-foss-2018a/lib/python3.6/site-packages)
WARNING: Ignoring invalid distribution -orch (/opt/software/Python/3.6.4-foss-2018a/lib/python3.6/site-packages)
WARNING: Ignoring invalid distribution -orch (/opt/software/Python/3.6.4-foss-2018a/lib/python3.6/site-packages)
WARNING: Ignoring invalid distribution -orch (/opt/software/Python/3.6.4-foss-2018a/lib/python3.6/site-packages)
WARNING: You are using pip version 21.2.4; however, version 21.3.1 is available.
You should consider upgrading via the '/opt/software/Python/3.6.4-foss-2018a/bin/python -m pip install --upgrade pip' command.
Defaulting to user installation because normal site-packages is not writeable
WARNING: Ignoring invalid distribution -orch (/opt/software/Python/3.6.4-foss-2018a/lib/python3.6/site-packages)
WARNING: Ignoring invalid distribution -orch (/opt/software/Python/3.6.4-foss-2018a/lib/python3.6/site-packages)
ERROR: Could not find a version that satisfies the requirement matplotlib.pyplot (from versions: none)
ERROR: No matching distribution found for matplotlib.pyplot
WARNING: Ignoring invalid distribution -orch (/opt/software/Python/3.6.4-foss-2018a/lib/python3.6/site-packages)
WARNING: Ignoring invalid distribution -orch (/opt/software/Python/3.6.4-foss-2018a/lib/python3.6/site-packages)
WARNING: Ignoring invalid distribution -orch (/opt/software/Python/3.6.4-foss-2018a/lib/python3.6/site-packages)
WARNING: You are using pip version 21.2.4; however, version 21.3.1 is available.
You should consider upgrading via the '/opt/software/Python/3.6.4-foss-2018a/bin/python -m pip install --upgrade pip' command.
Defaulting to user installation because normal site-packages is not writeable
WARNING: Ignoring invalid distribution -orch (/opt/software/Python/3.6.4-foss-2018a/lib/python3.6/site-packages)
WARNING: Ignoring invalid distribution -orch (/opt/software/Python/3.6.4-foss-2018a/lib/python3.6/site-packages)
Requirement already satisfied: pandas in /opt/software/Python/3.6.4-foss-2018a/lib/python3.6/site-packages (1.1.5)
Requirement already satisfied: python-dateutil>=2.7.3 in /opt/software/Python/3.6.4-foss-2018a/lib/python3.6/site-packages (from pandas) (2.8.1)
Requirement already satisfied: numpy>=1.15.4 in /opt/software/Python/3.6.4-foss-2018a/lib/python3.6/site-packages (from pandas) (1.18.5)
Requirement already satisfied: pytz>=2017.2 in /opt/software/Python/3.6.4-foss-2018a/lib/python3.6/site-packages/pytz-2017.3-py3.6.egg (from pandas) (2017.3)
Requirement already satisfied: six>=1.5 in /opt/software/Python/3.6.4-foss-2018a/lib/python3.6/site-packages (from python-dateutil>=2.7.3->pandas) (1.16.0)
WARNING: Ignoring invalid distribution -orch (/opt/software/Python/3.6.4-foss-2018a/lib/python3.6/site-packages)
WARNING: Ignoring invalid distribution -orch (/opt/software/Python/3.6.4-foss-2018a/lib/python3.6/site-packages)
WARNING: Ignoring invalid distribution -orch (/opt/software/Python/3.6.4-foss-2018a/lib/python3.6/site-packages)
WARNING: Ignoring invalid distribution -orch (/opt/software/Python/3.6.4-foss-2018a/lib/python3.6/site-packages)
WARNING: You are using pip version 21.2.4; however, version 21.3.1 is available.
You should consider upgrading via the '/opt/software/Python/3.6.4-foss-2018a/bin/python -m pip install --upgrade pip' command.
Defaulting to user installation because normal site-packages is not writeable
WARNING: Ignoring invalid distribution -orch (/opt/software/Python/3.6.4-foss-2018a/lib/python3.6/site-packages)
WARNING: Ignoring invalid distribution -orch (/opt/software/Python/3.6.4-foss-2018a/lib/python3.6/site-packages)
ERROR: Could not find a version that satisfies the requirement sklearn.cluster (from versions: none)
ERROR: No matching distribution found for sklearn.cluster
WARNING: Ignoring invalid distribution -orch (/opt/software/Python/3.6.4-foss-2018a/lib/python3.6/site-packages)
WARNING: Ignoring invalid distribution -orch (/opt/software/Python/3.6.4-foss-2018a/lib/python3.6/site-packages)
WARNING: Ignoring invalid distribution -orch (/opt/software/Python/3.6.4-foss-2018a/lib/python3.6/site-packages)
WARNING: You are using pip version 21.2.4; however, version 21.3.1 is available.
You should consider upgrading via the '/opt/software/Python/3.6.4-foss-2018a/bin/python -m pip install --upgrade pip' command.
Defaulting to user installation because normal site-packages is not writeable
WARNING: Ignoring invalid distribution -orch (/opt/software/Python/3.6.4-foss-2018a/lib/python3.6/site-packages)
WARNING: Ignoring invalid distribution -orch (/opt/software/Python/3.6.4-foss-2018a/lib/python3.6/site-packages)
ERROR: Could not find a version that satisfies the requirement sklearn.preprocessing (from versions: none)
ERROR: No matching distribution found for sklearn.preprocessing
WARNING: Ignoring invalid distribution -orch (/opt/software/Python/3.6.4-foss-2018a/lib/python3.6/site-packages)
WARNING: Ignoring invalid distribution -orch (/opt/software/Python/3.6.4-foss-2018a/lib/python3.6/site-packages)
WARNING: Ignoring invalid distribution -orch (/opt/software/Python/3.6.4-foss-2018a/lib/python3.6/site-packages)
WARNING: You are using pip version 21.2.4; however, version 21.3.1 is available.
You should consider upgrading via the '/opt/software/Python/3.6.4-foss-2018a/bin/python -m pip install --upgrade pip' command.
Defaulting to user installation because normal site-packages is not writeable
WARNING: Ignoring invalid distribution -orch (/opt/software/Python/3.6.4-foss-2018a/lib/python3.6/site-packages)
WARNING: Ignoring invalid distribution -orch (/opt/software/Python/3.6.4-foss-2018a/lib/python3.6/site-packages)
Requirement already satisfied: sklearn in ./.local/lib/python3.6/site-packages (0.0)
Requirement already satisfied: scikit-learn in /opt/software/Python/3.6.4-foss-2018a/lib/python3.6/site-packages (from sklearn) (0.20.0)
Requirement already satisfied: numpy>=1.8.2 in /opt/software/Python/3.6.4-foss-2018a/lib/python3.6/site-packages (from scikit-learn->sklearn) (1.18.5)
Requirement already satisfied: scipy>=0.13.3 in /opt/software/Python/3.6.4-foss-2018a/lib/python3.6/site-packages (from scikit-learn->sklearn) (1.5.4)
WARNING: Ignoring invalid distribution -orch (/opt/software/Python/3.6.4-foss-2018a/lib/python3.6/site-packages)
WARNING: Ignoring invalid distribution -orch (/opt/software/Python/3.6.4-foss-2018a/lib/python3.6/site-packages)
WARNING: Ignoring invalid distribution -orch (/opt/software/Python/3.6.4-foss-2018a/lib/python3.6/site-packages)
WARNING: Ignoring invalid distribution -orch (/opt/software/Python/3.6.4-foss-2018a/lib/python3.6/site-packages)
WARNING: You are using pip version 21.2.4; however, version 21.3.1 is available.
You should consider upgrading via the '/opt/software/Python/3.6.4-foss-2018a/bin/python -m pip install --upgrade pip' command.
Defaulting to user installation because normal site-packages is not writeable
WARNING: Ignoring invalid distribution -orch (/opt/software/Python/3.6.4-foss-2018a/lib/python3.6/site-packages)
WARNING: Ignoring invalid distribution -orch (/opt/software/Python/3.6.4-foss-2018a/lib/python3.6/site-packages)
ERROR: Could not find a version that satisfies the requirement IPython.display (from versions: none)
ERROR: No matching distribution found for IPython.display
WARNING: Ignoring invalid distribution -orch (/opt/software/Python/3.6.4-foss-2018a/lib/python3.6/site-packages)
WARNING: Ignoring invalid distribution -orch (/opt/software/Python/3.6.4-foss-2018a/lib/python3.6/site-packages)
WARNING: Ignoring invalid distribution -orch (/opt/software/Python/3.6.4-foss-2018a/lib/python3.6/site-packages)
WARNING: You are using pip version 21.2.4; however, version 21.3.1 is available.
You should consider upgrading via the '/opt/software/Python/3.6.4-foss-2018a/bin/python -m pip install --upgrade pip' command.
/opt/software/Python/3.6.4-foss-2018a/lib/python3.6/site-packages/sklearn/externals/joblib/externals/cloudpickle/cloudpickle.py:47: DeprecationWarning: the imp module is deprecated in favour of importlib; see the module's documentation for alternative uses
  import imp
sys:1: DtypeWarning: Columns (4) have mixed types.Specify dtype option on import or set low_memory=False.
JobId=108015654 JobName=mapper-1000-genes-98overlap
   UserId=f0103237(6067554) GroupId=psm(2198) MCS_label=N/A
   Priority=62922 Nice=0 Account=general QOS=f0103237
   JobState=RUNNING Reason=None Dependency=(null)
   Requeue=1 Restarts=0 BatchFlag=1 Reboot=0 ExitCode=0:0
   RunTime=01:52:47 TimeLimit=10:00:00 TimeMin=N/A
   SubmitTime=2021-11-26T18:35:33 EligibleTime=2021-11-26T18:35:33
   AccrueTime=2021-11-26T18:35:33
   StartTime=2021-11-26T18:35:43 EndTime=2021-11-27T04:35:43 Deadline=N/A
   SuspendTime=None SecsPreSuspend=0 LastSchedEval=2021-11-26T18:35:42
   Partition=general-long AllocNode:Sid=dev-intel16-k80.i:4458
   ReqNodeList=(null) ExcNodeList=(null)
   NodeList=amr-244
   BatchHost=amr-244
   FedOrigin=msuhpcc FedViableSiblings=msuhpcc,preemptable FedActiveSiblings=msuhpcc
   NumNodes=1 NumCPUs=5 NumTasks=1 CPUs/Task=5 ReqB:S:C:T=0:0:*:*
   TRES=cpu=5,mem=320G,node=1,billing=49807
   Socks/Node=* NtasksPerN:B:S:C=0:0:*:* CoreSpec=*
   MinCPUsNode=5 MinMemoryCPU=64G MinTmpDiskNode=0
   Features=[intel14|intel16|intel18|amr|nvf|nal|nif] DelayBoot=00:00:00
   OverSubscribe=OK Contiguous=0 Licenses=(null) Network=(null)
   Command=/mnt/ufs18/home-163/f0103237/slurm_mapper_script.sh
   WorkDir=/mnt/ufs18/home-163/f0103237
   Comment=stdout=/mnt/ufs18/home-163/f0103237/slurm-108015654.out 
   StdErr=/mnt/ufs18/home-163/f0103237/slurm-108015654.out
   StdIn=/dev/null
   StdOut=/mnt/ufs18/home-163/f0103237/slurm-108015654.out
   Power=
   NtasksPerTRES:0

